-------------------------------------------------------------------------------
Test set: TestSuite
-------------------------------------------------------------------------------
Tests run: 34, Failures: 9, Errors: 0, Skipped: 0, Time elapsed: 24.494 s <<< FAILURE! - in TestSuite
checkContentType(com.employeeapi.testCases.TC002_Get_Single_Employee_Record)  Time elapsed: 0.016 s  <<< FAILURE!
java.lang.AssertionError: expected [application/json] but found [text/html; charset=UTF-8]
	at com.employeeapi.testCases.TC002_Get_Single_Employee_Record.checkContentType(TC002_Get_Single_Employee_Record.java:79)

checkStatusCode(com.employeeapi.testCases.TC002_Get_Single_Employee_Record)  Time elapsed: 0.001 s  <<< FAILURE!
java.lang.AssertionError: expected [200] but found [429]
	at com.employeeapi.testCases.TC002_Get_Single_Employee_Record.checkStatusCode(TC002_Get_Single_Employee_Record.java:56)

checkstatusLine(com.employeeapi.testCases.TC002_Get_Single_Employee_Record)  Time elapsed: 0.001 s  <<< FAILURE!
java.lang.AssertionError: expected [HTTP/1.1 200 OK] but found [HTTP/1.1 429 Too Many Requests]
	at com.employeeapi.testCases.TC002_Get_Single_Employee_Record.checkstatusLine(TC002_Get_Single_Employee_Record.java:71)

checkcontentEncoding(com.employeeapi.testCases.TC003_Post_Employee_Record)  Time elapsed: 0.001 s  <<< FAILURE!
java.lang.AssertionError: expected [gzip] but found [null]
	at com.employeeapi.testCases.TC003_Post_Employee_Record.checkcontentEncoding(TC003_Post_Employee_Record.java:109)

checkcontentEncoding(com.employeeapi.testCases.TC004_Put_Employee_Record)  Time elapsed: 0.001 s  <<< FAILURE!
java.lang.AssertionError: expected [gzip] but found [null]
	at com.employeeapi.testCases.TC004_Put_Employee_Record.checkcontentEncoding(TC004_Put_Employee_Record.java:109)

checkContentType(com.employeeapi.testCases.TC005_Delete_Employee_Record)  Time elapsed: 0.001 s  <<< FAILURE!
java.lang.AssertionError: expected [application/json] but found [text/html; charset=UTF-8]
	at com.employeeapi.testCases.TC005_Delete_Employee_Record.checkContentType(TC005_Delete_Employee_Record.java:82)

checkResposeBody(com.employeeapi.testCases.TC005_Delete_Employee_Record)  Time elapsed: 0.001 s  <<< FAILURE!
java.lang.AssertionError: expected [true] but found [false]
	at com.employeeapi.testCases.TC005_Delete_Employee_Record.checkResposeBody(TC005_Delete_Employee_Record.java:59)

checkStatusCode(com.employeeapi.testCases.TC005_Delete_Employee_Record)  Time elapsed: 0.001 s  <<< FAILURE!
java.lang.AssertionError: expected [200] but found [429]
	at com.employeeapi.testCases.TC005_Delete_Employee_Record.checkStatusCode(TC005_Delete_Employee_Record.java:67)

checkstatusLine(com.employeeapi.testCases.TC005_Delete_Employee_Record)  Time elapsed: 0.001 s  <<< FAILURE!
java.lang.AssertionError: expected [HTTP/1.1 200 OK] but found [HTTP/1.1 429 Too Many Requests]
	at com.employeeapi.testCases.TC005_Delete_Employee_Record.checkstatusLine(TC005_Delete_Employee_Record.java:74)

